#
# A fatal error has been detected by the Java Runtime Environment:
#
#  Internal Error (assembler_aarch64.hpp:248), pid=38645, tid=38650
#  guarantee(val < (1ULL << nbits)) failed: Field too big for insn
#
# JRE version:  (17.0.2+8) (build )
# Java VM: OpenJDK 64-Bit Server VM (17.0.2+8-LTS, mixed mode, tiered, compressed oops, compressed class ptrs, g1 gc, linux-aarch64)
# Problematic frame:
# V  [libjvm.so+0x47543c]  Assembler::andr(RegisterImpl*, RegisterImpl*, unsigned long)+0x18c
#
# No core dump will be written. Core dumps have been disabled. To enable core dumping, try "ulimit -c unlimited" before starting Java again
#
#

---------------  S U M M A R Y ------------

Command Line: Hello

Host: AArch64, 4 cores, 7G, Ubuntu 21.04
Time: Sat Apr 30 16:21:53 2022 UTC elapsed time: 1.342787 seconds (0d 0h 0m 1s)

---------------  T H R E A D  ---------------

Current thread (0x0000000004afbec0):  JavaThread "Unknown thread" [_thread_in_vm, id=38650, stack(0x0000000006249000,0x0000000006449000)]

Stack: [0x0000000006249000,0x0000000006449000],  sp=0x0000000006446c40,  free space=2039k
Native frames: (J=compiled Java code, j=interpreted, Vv=VM code, C=native code)
V  [libjvm.so+0x47543c]  Assembler::andr(RegisterImpl*, RegisterImpl*, unsigned long)+0x18c
V  [libjvm.so+0xa63530]  MacroAssembler::zero_dcache_blocks(RegisterImpl*, RegisterImpl*)+0xe8
V  [libjvm.so+0xd121c4]  StubGenerator::generate_arraycopy_stubs()+0xf7c
V  [libjvm.so+0xd31914]  StubGenerator::generate_all()+0x164
V  [libjvm.so+0xd034f8]  StubGenerator_generate(CodeBuffer*, bool)+0x78
V  [libjvm.so+0xd32cfc]  StubRoutines::initialize2() [clone .part.0]+0xa4
V  [libjvm.so+0x78bd88]  init_globals()+0xb8
V  [libjvm.so+0xd9e850]  Threads::create_vm(JavaVMInitArgs*, bool*)+0x308
V  [libjvm.so+0x849f64]  JNI_CreateJavaVM+0x7c
C  [libjli.so+0x3ac4]  JavaMain+0x7c
C  [libjli.so+0x785c]  ThreadJavaMain+0xc
C  [libpthread.so.0+0x7e84]  start_thread+0xd0

Register to memory mapping:

R0=0x0000000005d08458
R1=0x00000000000000f8
R2=0x0000000005d08430
R3=0x0000000005d08418
R4=0x0000000004027000
R5=0x0000000000000058
R6=0x0000000005db85f0
R7=0x0000000006446de0
R8=0x0000000000000002
R9=0x0000000000000000
R10=0x0000000005db87c0
R11=0x0000000005db87c8
R12=0x0000000005db87d0
R13=0x0000000005db87d8
R14=0x0000000005db87e0
R15=0x0000000005d88000
R16=0x00000000060d9980
R17=0x00000000049361d0
R18=0x0000000000000000
R19=0x0000000000000008
R20=0x0000000004afc500
R21=0x00000000ffffffff
R22=0x0000000000000008
R23=0x0000000006446c90
R24=0x0000000000000000
R25=0x0000000006446dc8
R26=0x000000000000000b
R27=0x0000000006446d78
R28=0x0000000006446f80
R29=0x0000000006446c40
R30=0x00000000052ef2f0


Registers:
R0 =0x0000000005d08458: <offset 0x0000000000e8e458> in /usr/local/sdkman/candidates/java/17.0.2-ms/lib/server/libjvm.so at 0x0000000004e7a000
R1 =0x00000000000000f8 is an unknown value
R2 =0x0000000005d08430: <offset 0x0000000000e8e430> in /usr/local/sdkman/candidates/java/17.0.2-ms/lib/server/libjvm.so at 0x0000000004e7a000
R3 =0x0000000005d08418: <offset 0x0000000000e8e418> in /usr/local/sdkman/candidates/java/17.0.2-ms/lib/server/libjvm.so at 0x0000000004e7a000
R4 =0x0000000004027000 points into unknown readable memory: 0x0000000000000058 | 58 00 00 00 00 00 00 00
R5 =0x0000000000000058 is an unknown value
R6 =0x0000000005db85f0: <offset 0x0000000000f3e5f0> in /usr/local/sdkman/candidates/java/17.0.2-ms/lib/server/libjvm.so at 0x0000000004e7a000
R7 =0x0000000006446de0 points into unknown readable memory: 0x0000000000000000 | 00 00 00 00 00 00 00 00
R8 =0x0000000000000002 is an unknown value
R9 =0x0 is NULL
R10=0x0000000005db87c0: <offset 0x0000000000f3e7c0> in /usr/local/sdkman/candidates/java/17.0.2-ms/lib/server/libjvm.so at 0x0000000004e7a000
R11=0x0000000005db87c8: <offset 0x0000000000f3e7c8> in /usr/local/sdkman/candidates/java/17.0.2-ms/lib/server/libjvm.so at 0x0000000004e7a000
R12=0x0000000005db87d0: <offset 0x0000000000f3e7d0> in /usr/local/sdkman/candidates/java/17.0.2-ms/lib/server/libjvm.so at 0x0000000004e7a000
R13=0x0000000005db87d8: <offset 0x0000000000f3e7d8> in /usr/local/sdkman/candidates/java/17.0.2-ms/lib/server/libjvm.so at 0x0000000004e7a000
R14=0x0000000005db87e0: <offset 0x0000000000f3e7e0> in /usr/local/sdkman/candidates/java/17.0.2-ms/lib/server/libjvm.so at 0x0000000004e7a000
R15=0x0000000005d88000: <offset 0x0000000000f0e000> in /usr/local/sdkman/candidates/java/17.0.2-ms/lib/server/libjvm.so at 0x0000000004e7a000
R16=0x00000000060d9980: <offset 0x000000000125f980> in /usr/local/sdkman/candidates/java/17.0.2-ms/lib/server/libjvm.so at 0x0000000004e7a000
R17=0x00000000049361d0: bsearch+0x0000000000000000 in /lib/aarch64-linux-gnu/libc.so.6 at 0x00000000048fd000
R18=0x0 is NULL
R19=0x0000000000000008 is an unknown value
R20=0x0000000004afc500 points into unknown readable memory: 0x000000000601ae88 | 88 ae 01 06 00 00 00 00
R21=0x00000000ffffffff is an unallocated location in the heap
R22=0x0000000000000008 is an unknown value
R23=0x0000000006446c90 points into unknown readable memory: 0x0000000092000000 | 00 00 00 92 00 00 00 00
R24=0x0 is NULL
R25=0x0000000006446dc8 points into unknown readable memory: 0x00000961ffffffff | ff ff ff ff 61 09 00 00
R26=0x000000000000000b is an unknown value
R27=0x0000000006446d78 points into unknown readable memory: 0x00000000ffffffff | ff ff ff ff 00 00 00 00
R28=0x0000000006446f80 points into unknown readable memory: 0x0000090100000931 | 31 09 00 00 01 09 00 00
R29=0x0000000006446c40 points into unknown readable memory: 0x0000000006446ca0 | a0 6c 44 06 00 00 00 00
R30=0x00000000052ef2f0: <offset 0x00000000004752f0> in /usr/local/sdkman/candidates/java/17.0.2-ms/lib/server/libjvm.so at 0x0000000004e7a000

Top of Stack: (sp=0x0000000006446c40)
0x0000000006446c40:   0000000006446ca0 00000000058dd530
0x0000000006446c50:   0000000004afc500 000000000000000a
0x0000000006446c60:   0000000000000020 0000000000000008
0x0000000006446c70:   0000000000000009 0000000000000000
0x0000000006446c80:   0000000000000009 0000000004afc500
0x0000000006446c90:   0000000092000000 0000000004afc500
0x0000000006446ca0:   0000000006446df0 0000000005b8c1c4
0x0000000006446cb0:   00000000064472f8 0000000006446fd0
0x0000000006446cc0:   0000000004afc500 00000000ffffffff
0x0000000006446cd0:   00000000051d3000 0000000000000008
0x0000000006446ce0:   000000000000000a 000000000000000b
0x0000000006446cf0:   0000000000000000 0000000006446f80
0x0000000006446d00:   0000000006446d60 0000000005253574
0x0000000006446d10:   00000000060eb944 000000000000000c
0x0000000006446d20:   0000000006446d60 000000002494f2c0
0x0000000006446d30:   0000000000001102 0000000058004564
0x0000000006446d40:   0000000000000028 0000000006446dc8
0x0000000006446d50:   0000000006446d78 0000000000000000
0x0000000006446d60:   0000000006446dc0 00000000058d0060
0x0000000006446d70:   0000000006446da0 00000000ffffffff
0x0000000006446d80:   0000000004afc500 0000000006446fd0
0x0000000006446d90:   0000000000000000 0000000006446f00
0x0000000006446da0:   00000000ffffffff 0000000005b8c1b4
0x0000000006446db0:   00000000064472f8 0000000000000000
0x0000000006446dc0:   0000000004afc500 00000961ffffffff
0x0000000006446dd0:   0000000006446df0 0000000105b8c1a4
0x0000000006446de0:   0000000000000000 0000000004afc500
0x0000000006446df0:   0000000006447060 0000000005bab914
0x0000000006446e00:   00000000064472f8 ffffffffffffffff
0x0000000006446e10:   00000000064471e0 0000000005d88000
0x0000000006446e20:   000000000e08fc40 0000000004afc500
0x0000000006446e30:   00000000000003d8 00000000060eb944 

Instructions: (pc=0x00000000052ef43c)
0x00000000052ef33c:   f9400020 f9400e95 eb0002df 54000080
0x00000000052ef34c:   f27b6adf 2a1603f8 54000401 b0006f00
0x00000000052ef35c:   b94002a1 f9414c00 2a180021 b90002a1
0x00000000052ef36c:   f9400000 f9400e94 eb13001f 1a9f17e2
0x00000000052ef37c:   4b020260 4b020273 eb4017ff 54000621
0x00000000052ef38c:   b9400282 2a131453 b9000293 f9402fe0
0x00000000052ef39c:   f9400401 f9400c03 f9400822 b9400063
0x00000000052ef3ac:   b9000043 f9400822 91001042 f9000822
0x00000000052ef3bc:   f9000c1f a94153f3 a9425bf5 a94363f7
0x00000000052ef3cc:   a8c67bfd d65f03c0 90006f04 b00050c3
0x00000000052ef3dc:   b00050c2 91106063 f947f884 9110c042
0x00000000052ef3ec:   b00050c0 91116000 52800b05 52801f01
0x00000000052ef3fc:   f9400084 39000085 94050adb 941af6aa
0x00000000052ef40c:   17ffffd3 90006f04 b00050c3 b00050c2
0x00000000052ef41c:   91106063 f947f884 9110c042 b00050c0
0x00000000052ef42c:   91116000 52800b05 52801f01 f9400084
0x00000000052ef43c:   39000085 94050acc 941af69b 17ffffb7
0x00000000052ef44c:   90006f04 b00050c3 b00050c2 91106063
0x00000000052ef45c:   f947f884 9110c042 b00050c0 91116000
0x00000000052ef46c:   52800b05 52801f01 f9400084 39000085
0x00000000052ef47c:   94050abd 941af68c 17ffffc2 a9ba7bfd
0x00000000052ef48c:   910003fd 910143e4 a90153f3 aa0003f4
0x00000000052ef49c:   a9025bf5 aa0203f3 aa0103f6 a90363f7
0x00000000052ef4ac:   aa0303e1 f9000c04 52800000 b90053ff
0x00000000052ef4bc:   f9002ff4 97fdfd60 f9400e82 b9004fe0
0x00000000052ef4cc:   52b40000 52a24003 b9404ff5 b9400041
0x00000000052ef4dc:   2a000021 b9000041 f2734abf f9400e81
0x00000000052ef4ec:   b9400020 2a030000 b9000020 f9400e97
0x00000000052ef4fc:   54000781 b0006f00 b94002e1 528003f8
0x00000000052ef50c:   f9418800 2a152835 b90002f5 f9400000
0x00000000052ef51c:   f9400e95 eb0002df 54000080 f27b6adf
0x00000000052ef52c:   2a1603f8 54000401 b0006f00 b94002a1 


Stack slot to memory mapping:
stack at sp + 0 slots: 0x0000000006446ca0 points into unknown readable memory: 0x0000000006446df0 | f0 6d 44 06 00 00 00 00
stack at sp + 1 slots: 0x00000000058dd530: <offset 0x0000000000a63530> in /usr/local/sdkman/candidates/java/17.0.2-ms/lib/server/libjvm.so at 0x0000000004e7a000
stack at sp + 2 slots: 0x0000000004afc500 points into unknown readable memory: 0x000000000601ae88 | 88 ae 01 06 00 00 00 00
stack at sp + 3 slots: 0x000000000000000a is an unknown value
stack at sp + 4 slots: 0x0000000000000020 is an unknown value
stack at sp + 5 slots: 0x0000000000000008 is an unknown value
stack at sp + 6 slots: 0x0000000000000009 is an unknown value
stack at sp + 7 slots: 0x0 is NULL


---------------  P R O C E S S  ---------------

Threads class SMR info:
_java_thread_list=0x000000000617ce28, length=0, elements={
}

Java Threads: ( => current thread )

Other Threads:
  0x000000001d354040 GCTaskThread "GC Thread#0" [stack: 0x0000000021f81000,0x0000000022181000] [id=38651]
  0x0000000004e4c3c0 ConcurrentGCThread "G1 Main Marker" [stack: 0x0000000022192000,0x0000000022392000] [id=38652]
  0x0000000004e4d450 ConcurrentGCThread "G1 Conc#0" [stack: 0x00000000223a3000,0x00000000225a3000] [id=38653]
  0x00000000247b8490 ConcurrentGCThread "G1 Refine#0" [stack: 0x00000000249b4000,0x0000000024bb4000] [id=38654]
  0x000000001d584d00 ConcurrentGCThread "G1 Service" [stack: 0x0000000024bc5000,0x0000000024dc5000] [id=38655]

=>0x0000000004afbec0 (exited) JavaThread "Unknown thread" [_thread_in_vm, id=38650, stack(0x0000000006249000,0x0000000006449000)]

Threads with active compile tasks:

VM state: not at safepoint (normal execution)

VM Mutex/Monitor currently owned by a thread: None

Heap address: 0x0000000085400000, size: 1964 MB, Compressed Oops mode: 32-bit

CDS archive(s) not mapped
Compressed class space mapped at: 0x0000000100000000-0x0000000140000000, reserved size: 1073741824
Narrow klass base: 0x0000000000000000, Narrow klass shift: 3, Narrow klass range: 0x140000000

GC Precious Log:
 CPUs: 4 total, 4 available
 Memory: 7851M
 Large Page Support: Disabled
 NUMA Support: Disabled
 Compressed Oops: Enabled (32-bit)
 Heap Region Size: 1M
 Heap Min Capacity: 8M
 Heap Initial Capacity: 124M
 Heap Max Capacity: 1964M
 Pre-touch: Disabled
 Parallel Workers: 4
 Concurrent Workers: 1
 Concurrent Refinement Workers: 4
 Periodic GC: Disabled

Heap:
 garbage-first heap   total 126976K, used 0K [0x0000000085400000, 0x0000000100000000)
  region size 1024K, 1 young (1024K), 0 survivors (0K)
 Metaspace       used 1339K, committed 1408K, reserved 1056768K
  class space    used 102K, committed 128K, reserved 1048576K

Heap Regions: E=young(eden), S=young(survivor), O=old, HS=humongous(starts), HC=humongous(continues), CS=collection set, F=free, OA=open archive, CA=closed archive, TAMS=top-at-mark-start (previous, next)
|   0|0x0000000085400000, 0x0000000085400000, 0x0000000085500000|  0%| F|  |TAMS 0x0000000085400000, 0x0000000085400000| Untracked 
|   1|0x0000000085500000, 0x0000000085500000, 0x0000000085600000|  0%| F|  |TAMS 0x0000000085500000, 0x0000000085500000| Untracked 
|   2|0x0000000085600000, 0x0000000085600000, 0x0000000085700000|  0%| F|  |TAMS 0x0000000085600000, 0x0000000085600000| Untracked 
|   3|0x0000000085700000, 0x0000000085700000, 0x0000000085800000|  0%| F|  |TAMS 0x0000000085700000, 0x0000000085700000| Untracked 
|   4|0x0000000085800000, 0x0000000085800000, 0x0000000085900000|  0%| F|  |TAMS 0x0000000085800000, 0x0000000085800000| Untracked 
|   5|0x0000000085900000, 0x0000000085900000, 0x0000000085a00000|  0%| F|  |TAMS 0x0000000085900000, 0x0000000085900000| Untracked 
|   6|0x0000000085a00000, 0x0000000085a00000, 0x0000000085b00000|  0%| F|  |TAMS 0x0000000085a00000, 0x0000000085a00000| Untracked 
|   7|0x0000000085b00000, 0x0000000085b00000, 0x0000000085c00000|  0%| F|  |TAMS 0x0000000085b00000, 0x0000000085b00000| Untracked 
|   8|0x0000000085c00000, 0x0000000085c00000, 0x0000000085d00000|  0%| F|  |TAMS 0x0000000085c00000, 0x0000000085c00000| Untracked 
|   9|0x0000000085d00000, 0x0000000085d00000, 0x0000000085e00000|  0%| F|  |TAMS 0x0000000085d00000, 0x0000000085d00000| Untracked 
|  10|0x0000000085e00000, 0x0000000085e00000, 0x0000000085f00000|  0%| F|  |TAMS 0x0000000085e00000, 0x0000000085e00000| Untracked 
|  11|0x0000000085f00000, 0x0000000085f00000, 0x0000000086000000|  0%| F|  |TAMS 0x0000000085f00000, 0x0000000085f00000| Untracked 
|  12|0x0000000086000000, 0x0000000086000000, 0x0000000086100000|  0%| F|  |TAMS 0x0000000086000000, 0x0000000086000000| Untracked 
|  13|0x0000000086100000, 0x0000000086100000, 0x0000000086200000|  0%| F|  |TAMS 0x0000000086100000, 0x0000000086100000| Untracked 
|  14|0x0000000086200000, 0x0000000086200000, 0x0000000086300000|  0%| F|  |TAMS 0x0000000086200000, 0x0000000086200000| Untracked 
|  15|0x0000000086300000, 0x0000000086300000, 0x0000000086400000|  0%| F|  |TAMS 0x0000000086300000, 0x0000000086300000| Untracked 
|  16|0x0000000086400000, 0x0000000086400000, 0x0000000086500000|  0%| F|  |TAMS 0x0000000086400000, 0x0000000086400000| Untracked 
|  17|0x0000000086500000, 0x0000000086500000, 0x0000000086600000|  0%| F|  |TAMS 0x0000000086500000, 0x0000000086500000| Untracked 
|  18|0x0000000086600000, 0x0000000086600000, 0x0000000086700000|  0%| F|  |TAMS 0x0000000086600000, 0x0000000086600000| Untracked 
|  19|0x0000000086700000, 0x0000000086700000, 0x0000000086800000|  0%| F|  |TAMS 0x0000000086700000, 0x0000000086700000| Untracked 
|  20|0x0000000086800000, 0x0000000086800000, 0x0000000086900000|  0%| F|  |TAMS 0x0000000086800000, 0x0000000086800000| Untracked 
|  21|0x0000000086900000, 0x0000000086900000, 0x0000000086a00000|  0%| F|  |TAMS 0x0000000086900000, 0x0000000086900000| Untracked 
|  22|0x0000000086a00000, 0x0000000086a00000, 0x0000000086b00000|  0%| F|  |TAMS 0x0000000086a00000, 0x0000000086a00000| Untracked 
|  23|0x0000000086b00000, 0x0000000086b00000, 0x0000000086c00000|  0%| F|  |TAMS 0x0000000086b00000, 0x0000000086b00000| Untracked 
|  24|0x0000000086c00000, 0x0000000086c00000, 0x0000000086d00000|  0%| F|  |TAMS 0x0000000086c00000, 0x0000000086c00000| Untracked 
|  25|0x0000000086d00000, 0x0000000086d00000, 0x0000000086e00000|  0%| F|  |TAMS 0x0000000086d00000, 0x0000000086d00000| Untracked 
|  26|0x0000000086e00000, 0x0000000086e00000, 0x0000000086f00000|  0%| F|  |TAMS 0x0000000086e00000, 0x0000000086e00000| Untracked 
|  27|0x0000000086f00000, 0x0000000086f00000, 0x0000000087000000|  0%| F|  |TAMS 0x0000000086f00000, 0x0000000086f00000| Untracked 
|  28|0x0000000087000000, 0x0000000087000000, 0x0000000087100000|  0%| F|  |TAMS 0x0000000087000000, 0x0000000087000000| Untracked 
|  29|0x0000000087100000, 0x0000000087100000, 0x0000000087200000|  0%| F|  |TAMS 0x0000000087100000, 0x0000000087100000| Untracked 
|  30|0x0000000087200000, 0x0000000087200000, 0x0000000087300000|  0%| F|  |TAMS 0x0000000087200000, 0x0000000087200000| Untracked 
|  31|0x0000000087300000, 0x0000000087300000, 0x0000000087400000|  0%| F|  |TAMS 0x0000000087300000, 0x0000000087300000| Untracked 
|  32|0x0000000087400000, 0x0000000087400000, 0x0000000087500000|  0%| F|  |TAMS 0x0000000087400000, 0x0000000087400000| Untracked 
|  33|0x0000000087500000, 0x0000000087500000, 0x0000000087600000|  0%| F|  |TAMS 0x0000000087500000, 0x0000000087500000| Untracked 
|  34|0x0000000087600000, 0x0000000087600000, 0x0000000087700000|  0%| F|  |TAMS 0x0000000087600000, 0x0000000087600000| Untracked 
|  35|0x0000000087700000, 0x0000000087700000, 0x0000000087800000|  0%| F|  |TAMS 0x0000000087700000, 0x0000000087700000| Untracked 
|  36|0x0000000087800000, 0x0000000087800000, 0x0000000087900000|  0%| F|  |TAMS 0x0000000087800000, 0x0000000087800000| Untracked 
|  37|0x0000000087900000, 0x0000000087900000, 0x0000000087a00000|  0%| F|  |TAMS 0x0000000087900000, 0x0000000087900000| Untracked 
|  38|0x0000000087a00000, 0x0000000087a00000, 0x0000000087b00000|  0%| F|  |TAMS 0x0000000087a00000, 0x0000000087a00000| Untracked 
|  39|0x0000000087b00000, 0x0000000087b00000, 0x0000000087c00000|  0%| F|  |TAMS 0x0000000087b00000, 0x0000000087b00000| Untracked 
|  40|0x0000000087c00000, 0x0000000087c00000, 0x0000000087d00000|  0%| F|  |TAMS 0x0000000087c00000, 0x0000000087c00000| Untracked 
|  41|0x0000000087d00000, 0x0000000087d00000, 0x0000000087e00000|  0%| F|  |TAMS 0x0000000087d00000, 0x0000000087d00000| Untracked 
|  42|0x0000000087e00000, 0x0000000087e00000, 0x0000000087f00000|  0%| F|  |TAMS 0x0000000087e00000, 0x0000000087e00000| Untracked 
|  43|0x0000000087f00000, 0x0000000087f00000, 0x0000000088000000|  0%| F|  |TAMS 0x0000000087f00000, 0x0000000087f00000| Untracked 
|  44|0x0000000088000000, 0x0000000088000000, 0x0000000088100000|  0%| F|  |TAMS 0x0000000088000000, 0x0000000088000000| Untracked 
|  45|0x0000000088100000, 0x0000000088100000, 0x0000000088200000|  0%| F|  |TAMS 0x0000000088100000, 0x0000000088100000| Untracked 
|  46|0x0000000088200000, 0x0000000088200000, 0x0000000088300000|  0%| F|  |TAMS 0x0000000088200000, 0x0000000088200000| Untracked 
|  47|0x0000000088300000, 0x0000000088300000, 0x0000000088400000|  0%| F|  |TAMS 0x0000000088300000, 0x0000000088300000| Untracked 
|  48|0x0000000088400000, 0x0000000088400000, 0x0000000088500000|  0%| F|  |TAMS 0x0000000088400000, 0x0000000088400000| Untracked 
|  49|0x0000000088500000, 0x0000000088500000, 0x0000000088600000|  0%| F|  |TAMS 0x0000000088500000, 0x0000000088500000| Untracked 
|  50|0x0000000088600000, 0x0000000088600000, 0x0000000088700000|  0%| F|  |TAMS 0x0000000088600000, 0x0000000088600000| Untracked 
|  51|0x0000000088700000, 0x0000000088700000, 0x0000000088800000|  0%| F|  |TAMS 0x0000000088700000, 0x0000000088700000| Untracked 
|  52|0x0000000088800000, 0x0000000088800000, 0x0000000088900000|  0%| F|  |TAMS 0x0000000088800000, 0x0000000088800000| Untracked 
|  53|0x0000000088900000, 0x0000000088900000, 0x0000000088a00000|  0%| F|  |TAMS 0x0000000088900000, 0x0000000088900000| Untracked 
|  54|0x0000000088a00000, 0x0000000088a00000, 0x0000000088b00000|  0%| F|  |TAMS 0x0000000088a00000, 0x0000000088a00000| Untracked 
|  55|0x0000000088b00000, 0x0000000088b00000, 0x0000000088c00000|  0%| F|  |TAMS 0x0000000088b00000, 0x0000000088b00000| Untracked 
|  56|0x0000000088c00000, 0x0000000088c00000, 0x0000000088d00000|  0%| F|  |TAMS 0x0000000088c00000, 0x0000000088c00000| Untracked 
|  57|0x0000000088d00000, 0x0000000088d00000, 0x0000000088e00000|  0%| F|  |TAMS 0x0000000088d00000, 0x0000000088d00000| Untracked 
|  58|0x0000000088e00000, 0x0000000088e00000, 0x0000000088f00000|  0%| F|  |TAMS 0x0000000088e00000, 0x0000000088e00000| Untracked 
|  59|0x0000000088f00000, 0x0000000088f00000, 0x0000000089000000|  0%| F|  |TAMS 0x0000000088f00000, 0x0000000088f00000| Untracked 
|  60|0x0000000089000000, 0x0000000089000000, 0x0000000089100000|  0%| F|  |TAMS 0x0000000089000000, 0x0000000089000000| Untracked 
|  61|0x0000000089100000, 0x0000000089100000, 0x0000000089200000|  0%| F|  |TAMS 0x0000000089100000, 0x0000000089100000| Untracked 
|  62|0x0000000089200000, 0x0000000089200000, 0x0000000089300000|  0%| F|  |TAMS 0x0000000089200000, 0x0000000089200000| Untracked 
|  63|0x0000000089300000, 0x0000000089300000, 0x0000000089400000|  0%| F|  |TAMS 0x0000000089300000, 0x0000000089300000| Untracked 
|  64|0x0000000089400000, 0x0000000089400000, 0x0000000089500000|  0%| F|  |TAMS 0x0000000089400000, 0x0000000089400000| Untracked 
|  65|0x0000000089500000, 0x0000000089500000, 0x0000000089600000|  0%| F|  |TAMS 0x0000000089500000, 0x0000000089500000| Untracked 
|  66|0x0000000089600000, 0x0000000089600000, 0x0000000089700000|  0%| F|  |TAMS 0x0000000089600000, 0x0000000089600000| Untracked 
|  67|0x0000000089700000, 0x0000000089700000, 0x0000000089800000|  0%| F|  |TAMS 0x0000000089700000, 0x0000000089700000| Untracked 
|  68|0x0000000089800000, 0x0000000089800000, 0x0000000089900000|  0%| F|  |TAMS 0x0000000089800000, 0x0000000089800000| Untracked 
|  69|0x0000000089900000, 0x0000000089900000, 0x0000000089a00000|  0%| F|  |TAMS 0x0000000089900000, 0x0000000089900000| Untracked 
|  70|0x0000000089a00000, 0x0000000089a00000, 0x0000000089b00000|  0%| F|  |TAMS 0x0000000089a00000, 0x0000000089a00000| Untracked 
|  71|0x0000000089b00000, 0x0000000089b00000, 0x0000000089c00000|  0%| F|  |TAMS 0x0000000089b00000, 0x0000000089b00000| Untracked 
|  72|0x0000000089c00000, 0x0000000089c00000, 0x0000000089d00000|  0%| F|  |TAMS 0x0000000089c00000, 0x0000000089c00000| Untracked 
|  73|0x0000000089d00000, 0x0000000089d00000, 0x0000000089e00000|  0%| F|  |TAMS 0x0000000089d00000, 0x0000000089d00000| Untracked 
|  74|0x0000000089e00000, 0x0000000089e00000, 0x0000000089f00000|  0%| F|  |TAMS 0x0000000089e00000, 0x0000000089e00000| Untracked 
|  75|0x0000000089f00000, 0x0000000089f00000, 0x000000008a000000|  0%| F|  |TAMS 0x0000000089f00000, 0x0000000089f00000| Untracked 
|  76|0x000000008a000000, 0x000000008a000000, 0x000000008a100000|  0%| F|  |TAMS 0x000000008a000000, 0x000000008a000000| Untracked 
|  77|0x000000008a100000, 0x000000008a100000, 0x000000008a200000|  0%| F|  |TAMS 0x000000008a100000, 0x000000008a100000| Untracked 
|  78|0x000000008a200000, 0x000000008a200000, 0x000000008a300000|  0%| F|  |TAMS 0x000000008a200000, 0x000000008a200000| Untracked 
|  79|0x000000008a300000, 0x000000008a300000, 0x000000008a400000|  0%| F|  |TAMS 0x000000008a300000, 0x000000008a300000| Untracked 
|  80|0x000000008a400000, 0x000000008a400000, 0x000000008a500000|  0%| F|  |TAMS 0x000000008a400000, 0x000000008a400000| Untracked 
|  81|0x000000008a500000, 0x000000008a500000, 0x000000008a600000|  0%| F|  |TAMS 0x000000008a500000, 0x000000008a500000| Untracked 
|  82|0x000000008a600000, 0x000000008a600000, 0x000000008a700000|  0%| F|  |TAMS 0x000000008a600000, 0x000000008a600000| Untracked 
|  83|0x000000008a700000, 0x000000008a700000, 0x000000008a800000|  0%| F|  |TAMS 0x000000008a700000, 0x000000008a700000| Untracked 
|  84|0x000000008a800000, 0x000000008a800000, 0x000000008a900000|  0%| F|  |TAMS 0x000000008a800000, 0x000000008a800000| Untracked 
|  85|0x000000008a900000, 0x000000008a900000, 0x000000008aa00000|  0%| F|  |TAMS 0x000000008a900000, 0x000000008a900000| Untracked 
|  86|0x000000008aa00000, 0x000000008aa00000, 0x000000008ab00000|  0%| F|  |TAMS 0x000000008aa00000, 0x000000008aa00000| Untracked 
|  87|0x000000008ab00000, 0x000000008ab00000, 0x000000008ac00000|  0%| F|  |TAMS 0x000000008ab00000, 0x000000008ab00000| Untracked 
|  88|0x000000008ac00000, 0x000000008ac00000, 0x000000008ad00000|  0%| F|  |TAMS 0x000000008ac00000, 0x000000008ac00000| Untracked 
|  89|0x000000008ad00000, 0x000000008ad00000, 0x000000008ae00000|  0%| F|  |TAMS 0x000000008ad00000, 0x000000008ad00000| Untracked 
|  90|0x000000008ae00000, 0x000000008ae00000, 0x000000008af00000|  0%| F|  |TAMS 0x000000008ae00000, 0x000000008ae00000| Untracked 
|  91|0x000000008af00000, 0x000000008af00000, 0x000000008b000000|  0%| F|  |TAMS 0x000000008af00000, 0x000000008af00000| Untracked 
|  92|0x000000008b000000, 0x000000008b000000, 0x000000008b100000|  0%| F|  |TAMS 0x000000008b000000, 0x000000008b000000| Untracked 
|  93|0x000000008b100000, 0x000000008b100000, 0x000000008b200000|  0%| F|  |TAMS 0x000000008b100000, 0x000000008b100000| Untracked 
|  94|0x000000008b200000, 0x000000008b200000, 0x000000008b300000|  0%| F|  |TAMS 0x000000008b200000, 0x000000008b200000| Untracked 
|  95|0x000000008b300000, 0x000000008b300000, 0x000000008b400000|  0%| F|  |TAMS 0x000000008b300000, 0x000000008b300000| Untracked 
|  96|0x000000008b400000, 0x000000008b400000, 0x000000008b500000|  0%| F|  |TAMS 0x000000008b400000, 0x000000008b400000| Untracked 
|  97|0x000000008b500000, 0x000000008b500000, 0x000000008b600000|  0%| F|  |TAMS 0x000000008b500000, 0x000000008b500000| Untracked 
|  98|0x000000008b600000, 0x000000008b600000, 0x000000008b700000|  0%| F|  |TAMS 0x000000008b600000, 0x000000008b600000| Untracked 
|  99|0x000000008b700000, 0x000000008b700000, 0x000000008b800000|  0%| F|  |TAMS 0x000000008b700000, 0x000000008b700000| Untracked 
| 100|0x000000008b800000, 0x000000008b800000, 0x000000008b900000|  0%| F|  |TAMS 0x000000008b800000, 0x000000008b800000| Untracked 
| 101|0x000000008b900000, 0x000000008b900000, 0x000000008ba00000|  0%| F|  |TAMS 0x000000008b900000, 0x000000008b900000| Untracked 
| 102|0x000000008ba00000, 0x000000008ba00000, 0x000000008bb00000|  0%| F|  |TAMS 0x000000008ba00000, 0x000000008ba00000| Untracked 
| 103|0x000000008bb00000, 0x000000008bb00000, 0x000000008bc00000|  0%| F|  |TAMS 0x000000008bb00000, 0x000000008bb00000| Untracked 
| 104|0x000000008bc00000, 0x000000008bc00000, 0x000000008bd00000|  0%| F|  |TAMS 0x000000008bc00000, 0x000000008bc00000| Untracked 
| 105|0x000000008bd00000, 0x000000008bd00000, 0x000000008be00000|  0%| F|  |TAMS 0x000000008bd00000, 0x000000008bd00000| Untracked 
| 106|0x000000008be00000, 0x000000008be00000, 0x000000008bf00000|  0%| F|  |TAMS 0x000000008be00000, 0x000000008be00000| Untracked 
| 107|0x000000008bf00000, 0x000000008bf00000, 0x000000008c000000|  0%| F|  |TAMS 0x000000008bf00000, 0x000000008bf00000| Untracked 
| 108|0x000000008c000000, 0x000000008c000000, 0x000000008c100000|  0%| F|  |TAMS 0x000000008c000000, 0x000000008c000000| Untracked 
| 109|0x000000008c100000, 0x000000008c100000, 0x000000008c200000|  0%| F|  |TAMS 0x000000008c100000, 0x000000008c100000| Untracked 
| 110|0x000000008c200000, 0x000000008c200000, 0x000000008c300000|  0%| F|  |TAMS 0x000000008c200000, 0x000000008c200000| Untracked 
| 111|0x000000008c300000, 0x000000008c300000, 0x000000008c400000|  0%| F|  |TAMS 0x000000008c300000, 0x000000008c300000| Untracked 
| 112|0x000000008c400000, 0x000000008c400000, 0x000000008c500000|  0%| F|  |TAMS 0x000000008c400000, 0x000000008c400000| Untracked 
| 113|0x000000008c500000, 0x000000008c500000, 0x000000008c600000|  0%| F|  |TAMS 0x000000008c500000, 0x000000008c500000| Untracked 
| 114|0x000000008c600000, 0x000000008c600000, 0x000000008c700000|  0%| F|  |TAMS 0x000000008c600000, 0x000000008c600000| Untracked 
| 115|0x000000008c700000, 0x000000008c700000, 0x000000008c800000|  0%| F|  |TAMS 0x000000008c700000, 0x000000008c700000| Untracked 
| 116|0x000000008c800000, 0x000000008c800000, 0x000000008c900000|  0%| F|  |TAMS 0x000000008c800000, 0x000000008c800000| Untracked 
| 117|0x000000008c900000, 0x000000008c900000, 0x000000008ca00000|  0%| F|  |TAMS 0x000000008c900000, 0x000000008c900000| Untracked 
| 118|0x000000008ca00000, 0x000000008ca00000, 0x000000008cb00000|  0%| F|  |TAMS 0x000000008ca00000, 0x000000008ca00000| Untracked 
| 119|0x000000008cb00000, 0x000000008cb00000, 0x000000008cc00000|  0%| F|  |TAMS 0x000000008cb00000, 0x000000008cb00000| Untracked 
| 120|0x000000008cc00000, 0x000000008cc00000, 0x000000008cd00000|  0%| F|  |TAMS 0x000000008cc00000, 0x000000008cc00000| Untracked 
| 121|0x000000008cd00000, 0x000000008cd00000, 0x000000008ce00000|  0%| F|  |TAMS 0x000000008cd00000, 0x000000008cd00000| Untracked 
| 122|0x000000008ce00000, 0x000000008ce00000, 0x000000008cf00000|  0%| F|  |TAMS 0x000000008ce00000, 0x000000008ce00000| Untracked 
| 123|0x000000008cf00000, 0x000000008cf42960, 0x000000008d000000| 26%| E|  |TAMS 0x000000008cf00000, 0x000000008cf00000| Complete 

Card table byte_map: [0x000000001da22000,0x000000001ddf8000] _byte_map_base: 0x000000001d5f8000

Marking Bits (Prev, Next): (CMBitMap*) 0x000000001d354820, (CMBitMap*) 0x000000001d354860
 Prev Bits: [0x000000001e1ce000, 0x000000002007e000)
 Next Bits: [0x000000002007e000, 0x0000000021f2e000)

Polling page: 0x0000000004028000

Metaspace:

Usage:
  Non-class:      1.21 MB used.
      Class:    102.31 KB used.
       Both:      1.31 MB used.

Virtual space:
  Non-class space:        8.00 MB reserved,       1.25 MB ( 16%) committed,  1 nodes.
      Class space:        1.00 GB reserved,     128.00 KB ( <1%) committed,  1 nodes.
             Both:        1.01 GB reserved,       1.38 MB ( <1%) committed. 

Chunk freelists:
   Non-Class:  0 bytes
       Class:  3.75 MB
        Both:  3.75 MB

MaxMetaspaceSize: unlimited
CompressedClassSpaceSize: 1.00 GB
Initial GC threshold: 21.00 MB
Current GC threshold: 17179869184.00 GB
CDS: off
MetaspaceReclaimPolicy: balanced
 - commit_granule_bytes: 65536.
 - commit_granule_words: 8192.
 - virtual_space_node_default_size: 1048576.
 - enlarge_chunks_in_place: 1.
 - new_chunks_are_fully_committed: 0.
 - uncommit_free_chunks: 1.
 - use_allocation_guard: 0.
 - handle_deallocations: 1.


Internal statistics:

num_allocs_failed_limit: 0.
num_arena_births: 2.
num_arena_deaths: 0.
num_vsnodes_births: 2.
num_vsnodes_deaths: 0.
num_space_committed: 22.
num_space_uncommitted: 0.
num_chunks_returned_to_freelist: 0.
num_chunks_taken_from_freelist: 3.
num_chunk_merges: 0.
num_chunk_splits: 1.
num_chunks_enlarged: 0.
num_purges: 0.
num_inconsistent_stats: 0.

CodeHeap 'non-profiled nmethods': size=120032Kb used=0Kb max_used=0Kb free=120032Kb
 bounds [0x0000000015b32000, 0x0000000015da2000, 0x000000001d06a000]
CodeHeap 'profiled nmethods': size=120028Kb used=0Kb max_used=0Kb free=120028Kb
 bounds [0x000000000e5fb000, 0x000000000e86b000, 0x0000000015b32000]
CodeHeap 'non-nmethods': size=5700Kb used=213Kb max_used=251Kb free=5486Kb
 bounds [0x000000000e06a000, 0x000000000e2da000, 0x000000000e5fb000]
 total_blobs=67 nmethods=0 adapters=47
 compilation: enabled
              stopped_count=0, restarted_count=0
 full_count=0

Compilation events (0 events):
No events

GC Heap History (0 events):
No events

Deoptimization events (0 events):
No events

Classes unloaded (0 events):
No events

Classes redefined (0 events):
No events

Internal exceptions (0 events):
No events

VM Operations (0 events):
No events

Events (20 events):
Event: 0.827 loading class java/lang/Long
Event: 0.829 loading class java/lang/Long done
Event: 0.829 loading class java/util/Iterator
Event: 0.830 loading class java/util/Iterator done
Event: 0.830 loading class java/lang/reflect/RecordComponent
Event: 0.830 loading class java/lang/reflect/RecordComponent done
Event: 0.830 loading class jdk/internal/vm/vector/VectorSupport
Event: 0.834 loading class jdk/internal/vm/vector/VectorSupport done
Event: 0.834 loading class jdk/internal/vm/vector/VectorSupport$VectorPayload
Event: 0.834 loading class jdk/internal/vm/vector/VectorSupport$VectorPayload done
Event: 0.834 loading class jdk/internal/vm/vector/VectorSupport$Vector
Event: 0.835 loading class jdk/internal/vm/vector/VectorSupport$Vector done
Event: 0.835 loading class jdk/internal/vm/vector/VectorSupport$VectorMask
Event: 0.835 loading class jdk/internal/vm/vector/VectorSupport$VectorMask done
Event: 0.835 loading class jdk/internal/vm/vector/VectorSupport$VectorShuffle
Event: 0.835 loading class jdk/internal/vm/vector/VectorSupport$VectorShuffle done
Event: 1.198 loading class java/lang/NullPointerException
Event: 1.199 loading class java/lang/NullPointerException done
Event: 1.199 loading class java/lang/ArithmeticException
Event: 1.200 loading class java/lang/ArithmeticException done


Dynamic libraries:
00108000-00109000 r-xp 00000000 fe:01 673473                             /usr/local/sdkman/candidates/java/17.0.2-ms/bin/java
00127000-00128000 r--p 0000f000 fe:01 673473                             /usr/local/sdkman/candidates/java/17.0.2-ms/bin/java
00128000-00129000 rw-p 00010000 fe:01 673473                             /usr/local/sdkman/candidates/java/17.0.2-ms/bin/java
04000000-04025000 r-xp 00000000 fe:01 2098082                            /usr/lib/aarch64-linux-gnu/ld-2.33.so
04025000-04027000 rw-p 00000000 00:00 0 
04027000-04028000 rwxp 00000000 00:00 0 
04028000-04029000 ---p 00000000 00:00 0 
04029000-0402a000 r--p 00000000 00:00 0 
0402d000-04031000 rw-p 00000000 00:00 0 
04034000-04036000 r--p 00024000 fe:01 2098082                            /usr/lib/aarch64-linux-gnu/ld-2.33.so
04036000-04038000 rw-p 00026000 fe:01 2098082                            /usr/lib/aarch64-linux-gnu/ld-2.33.so
04038000-04039000 rwxp 00000000 00:00 0 
04838000-04839000 r-xp 00000000 fe:01 1067540                            /usr/libexec/valgrind/vgpreload_core-arm64-linux.so
04839000-04848000 ---p 00001000 fe:01 1067540                            /usr/libexec/valgrind/vgpreload_core-arm64-linux.so
04848000-04849000 r--p 00000000 fe:01 1067540                            /usr/libexec/valgrind/vgpreload_core-arm64-linux.so
04849000-0484a000 rw-p 00001000 fe:01 1067540                            /usr/libexec/valgrind/vgpreload_core-arm64-linux.so
0484a000-0485e000 r-xp 00000000 fe:01 1067549                            /usr/libexec/valgrind/vgpreload_memcheck-arm64-linux.so
0485e000-0486d000 ---p 00014000 fe:01 1067549                            /usr/libexec/valgrind/vgpreload_memcheck-arm64-linux.so
0486d000-0486e000 r--p 00013000 fe:01 1067549                            /usr/libexec/valgrind/vgpreload_memcheck-arm64-linux.so
0486e000-0486f000 rw-p 00014000 fe:01 1067549                            /usr/libexec/valgrind/vgpreload_memcheck-arm64-linux.so
0486f000-04887000 r-xp 00000000 fe:01 2098246                            /usr/lib/aarch64-linux-gnu/libz.so.1.2.11
04887000-04896000 ---p 00018000 fe:01 2098246                            /usr/lib/aarch64-linux-gnu/libz.so.1.2.11
04896000-04897000 r--p 00017000 fe:01 2098246                            /usr/lib/aarch64-linux-gnu/libz.so.1.2.11
04897000-04898000 rw-p 00018000 fe:01 2098246                            /usr/lib/aarch64-linux-gnu/libz.so.1.2.11
04898000-048a7000 r-xp 00000000 fe:01 673561                             /usr/local/sdkman/candidates/java/17.0.2-ms/lib/libjli.so
048a7000-048b7000 ---p 0000f000 fe:01 673561                             /usr/local/sdkman/candidates/java/17.0.2-ms/lib/libjli.so
048b7000-048b8000 r--p 0000f000 fe:01 673561                             /usr/local/sdkman/candidates/java/17.0.2-ms/lib/libjli.so
048b8000-048b9000 rw-p 00010000 fe:01 673561                             /usr/local/sdkman/candidates/java/17.0.2-ms/lib/libjli.so
048b9000-048d4000 r-xp 00000000 fe:01 2098205                            /usr/lib/aarch64-linux-gnu/libpthread-2.33.so
048d4000-048e3000 ---p 0001b000 fe:01 2098205                            /usr/lib/aarch64-linux-gnu/libpthread-2.33.so
048e3000-048e4000 r--p 0001a000 fe:01 2098205                            /usr/lib/aarch64-linux-gnu/libpthread-2.33.so
048e4000-048e5000 rw-p 0001b000 fe:01 2098205                            /usr/lib/aarch64-linux-gnu/libpthread-2.33.so
048e5000-048e9000 rw-p 00000000 00:00 0 
048e9000-048ec000 r-xp 00000000 fe:01 2098118                            /usr/lib/aarch64-linux-gnu/libdl-2.33.so
048ec000-048fb000 ---p 00003000 fe:01 2098118                            /usr/lib/aarch64-linux-gnu/libdl-2.33.so
048fb000-048fc000 r--p 00002000 fe:01 2098118                            /usr/lib/aarch64-linux-gnu/libdl-2.33.so
048fc000-048fd000 rw-p 00003000 fe:01 2098118                            /usr/lib/aarch64-linux-gnu/libdl-2.33.so
048fd000-04a5c000 r-xp 00000000 fe:01 2098104                            /usr/lib/aarch64-linux-gnu/libc-2.33.so
04a5c000-04a6c000 ---p 0015f000 fe:01 2098104                            /usr/lib/aarch64-linux-gnu/libc-2.33.so
04a6c000-04a6f000 r--p 0015f000 fe:01 2098104                            /usr/lib/aarch64-linux-gnu/libc-2.33.so
04a6f000-04a72000 rw-p 00162000 fe:01 2098104                            /usr/lib/aarch64-linux-gnu/libc-2.33.so
04a72000-04a7a000 rw-p 00000000 00:00 0 
04a7a000-04e7a000 rwxp 00000000 00:00 0 
04e7a000-05ff3000 r-xp 00000000 fe:01 673542                             /usr/local/sdkman/candidates/java/17.0.2-ms/lib/server/libjvm.so
05ff3000-0600a000 ---p 01179000 fe:01 673542                             /usr/local/sdkman/candidates/java/17.0.2-ms/lib/server/libjvm.so
0600a000-060da000 r--p 01180000 fe:01 673542                             /usr/local/sdkman/candidates/java/17.0.2-ms/lib/server/libjvm.so
060da000-0610a000 rw-p 01250000 fe:01 673542                             /usr/local/sdkman/candidates/java/17.0.2-ms/lib/server/libjvm.so
0610a000-06187000 rw-p 00000000 00:00 0 
06187000-0618e000 r-xp 00000000 fe:01 2098209                            /usr/lib/aarch64-linux-gnu/librt-2.33.so
0618e000-0619d000 ---p 00007000 fe:01 2098209                            /usr/lib/aarch64-linux-gnu/librt-2.33.so
0619d000-0619e000 r--p 00006000 fe:01 2098209                            /usr/lib/aarch64-linux-gnu/librt-2.33.so
0619e000-0619f000 rw-p 00007000 fe:01 2098209                            /usr/lib/aarch64-linux-gnu/librt-2.33.so
0619f000-06238000 r-xp 00000000 fe:01 2098157                            /usr/lib/aarch64-linux-gnu/libm-2.33.so
06238000-06247000 ---p 00099000 fe:01 2098157                            /usr/lib/aarch64-linux-gnu/libm-2.33.so
06247000-06248000 r--p 00098000 fe:01 2098157                            /usr/lib/aarch64-linux-gnu/libm-2.33.so
06248000-06249000 rw-p 00099000 fe:01 2098157                            /usr/lib/aarch64-linux-gnu/libm-2.33.so
06249000-0624d000 ---p 00000000 00:00 0 
0624d000-06449000 rw-p 00000000 00:00 0 
06449000-06464000 r-xp 00000000 fe:01 673547                             /usr/local/sdkman/candidates/java/17.0.2-ms/lib/libjimage.so
06464000-06477000 ---p 0001b000 fe:01 673547                             /usr/local/sdkman/candidates/java/17.0.2-ms/lib/libjimage.so
06477000-06479000 r--p 0001e000 fe:01 673547                             /usr/local/sdkman/candidates/java/17.0.2-ms/lib/libjimage.so
06479000-0647a000 rw-p 00020000 fe:01 673547                             /usr/local/sdkman/candidates/java/17.0.2-ms/lib/libjimage.so
0647a000-0dff9000 r--s 00000000 fe:01 673566                             /usr/local/sdkman/candidates/java/17.0.2-ms/lib/modules
0dfff000-0e00a000 r-xp 00000000 fe:01 2098180                            /usr/lib/aarch64-linux-gnu/libnss_files-2.33.so
0e00a000-0e019000 ---p 0000b000 fe:01 2098180                            /usr/lib/aarch64-linux-gnu/libnss_files-2.33.so
0e019000-0e01a000 r--p 0000a000 fe:01 2098180                            /usr/lib/aarch64-linux-gnu/libnss_files-2.33.so
0e01a000-0e01b000 rw-p 0000b000 fe:01 2098180                            /usr/lib/aarch64-linux-gnu/libnss_files-2.33.so
0e01b000-0e021000 rw-p 00000000 00:00 0 
0e021000-0e029000 rw-s 00000000 fe:01 1069351                            /tmp/hsperfdata_vscode/38645
0e029000-0e04e000 r-xp 00000000 fe:01 673560                             /usr/local/sdkman/candidates/java/17.0.2-ms/lib/libjava.so
0e04e000-0e068000 ---p 00025000 fe:01 673560                             /usr/local/sdkman/candidates/java/17.0.2-ms/lib/libjava.so
0e068000-0e069000 r--p 0002f000 fe:01 673560                             /usr/local/sdkman/candidates/java/17.0.2-ms/lib/libjava.so
0e069000-0e06a000 rw-p 00030000 fe:01 673560                             /usr/local/sdkman/candidates/java/17.0.2-ms/lib/libjava.so
0e06a000-0e2da000 rwxp 00000000 00:00 0 
0e2da000-0e5fb000 ---p 00000000 00:00 0 
0e5fb000-0e86b000 rwxp 00000000 00:00 0 
0e86b000-15b32000 ---p 00000000 00:00 0 
15b32000-15da2000 rwxp 00000000 00:00 0 
15da2000-1d06a000 ---p 00000000 00:00 0 
1d06a000-1d06f000 rw-p 00000000 00:00 0 
1d06f000-1d076000 ---p 00000000 00:00 0 
1d076000-1d07b000 rw-p 00000000 00:00 0 
1d07b000-1d161000 ---p 00000000 00:00 0 
1d161000-1d166000 rw-p 00000000 00:00 0 
1d166000-1d24c000 ---p 00000000 00:00 0 
1d24c000-1d64c000 rwxp 00000000 00:00 0 
1d64c000-1d68a000 rw-p 00000000 00:00 0 
1d68a000-1da22000 ---p 00000000 00:00 0 
1da22000-1da60000 rw-p 00000000 00:00 0 
1da60000-1ddf8000 ---p 00000000 00:00 0 
1ddf8000-1de36000 rw-p 00000000 00:00 0 
1de36000-1e1ce000 ---p 00000000 00:00 0 
1e1ce000-1e3be000 rw-p 00000000 00:00 0 
1e3be000-2007e000 ---p 00000000 00:00 0 
2007e000-2026e000 rw-p 00000000 00:00 0 
2026e000-21f2e000 ---p 00000000 00:00 0 
21f2e000-21f70000 rw-p 00000000 00:00 0 
21f70000-21f80000 ---p 00000000 00:00 0 
21f80000-22181000 rw-p 00000000 00:00 0 
22181000-22191000 ---p 00000000 00:00 0 
22191000-22392000 rw-p 00000000 00:00 0 
22392000-223a2000 ---p 00000000 00:00 0 
223a2000-245a3000 rw-p 00000000 00:00 0 
245a3000-249a3000 rwxp 00000000 00:00 0 
249a3000-249b3000 ---p 00000000 00:00 0 
249b3000-24bb4000 rw-p 00000000 00:00 0 
24bb4000-24bc4000 ---p 00000000 00:00 0 
24bc4000-24dc5000 rw-p 00000000 00:00 0 
25000000-25140000 rw-p 00000000 00:00 0 
25140000-25800000 ---p 00000000 00:00 0 
25800000-26000000 rwxp 00000000 00:00 0 
58000000-58230000 r-xp 00000000 fe:01 1067410                            /usr/libexec/valgrind/memcheck-arm64-linux
5823f000-58246000 rw-p 0022f000 fe:01 1067410                            /usr/libexec/valgrind/memcheck-arm64-linux
58246000-59c66000 rw-p 00000000 00:00 0 
85400000-8d000000 rw-p 00000000 00:00 0 
8d000000-100040000 ---p 00000000 00:00 0 
100040000-100060000 rw-p 00000000 00:00 0 
100060000-140000000 ---p 00000000 00:00 0 
1002001000-1002ca8000 rwxp 00000000 00:00 0 
1002ca8000-1002cb8000 ---p 00000000 00:00 0 
1002cb8000-1002db8000 rwxp 00000000 00:00 0 
1002db8000-1002dc8000 ---p 00000000 00:00 0 
1002dc8000-1002dc9000 rw-s 00000000 fe:01 939955                         /tmp/vgdb-pipe-shared-mem-vgdb-38645-by-vscode-on-d73352ad08be
1002dc9000-1004f2f000 rwxp 00000000 00:00 0 
1004f2f000-1004f3f000 ---p 00000000 00:00 0 
1004f3f000-100503f000 rwxp 00000000 00:00 0 
100503f000-100504f000 ---p 00000000 00:00 0 
100504f000-1005213000 rwxp 00000000 00:00 0 
1005215000-100606a000 rwxp 00000000 00:00 0 
100606a000-100607a000 ---p 00000000 00:00 0 
100607a000-100617a000 rwxp 00000000 00:00 0 
100617a000-100618a000 ---p 00000000 00:00 0 
100618a000-100636a000 rwxp 00000000 00:00 0 
100636a000-100637a000 ---p 00000000 00:00 0 
100637a000-100647a000 rwxp 00000000 00:00 0 
100647a000-100649a000 ---p 00000000 00:00 0 
100649a000-100659a000 rwxp 00000000 00:00 0 
100659a000-10065aa000 ---p 00000000 00:00 0 
10065aa000-100665e000 rwxp 00000000 00:00 0 
1006661000-100687c000 rwxp 00000000 00:00 0 
100687c000-100688c000 ---p 00000000 00:00 0 
100688c000-100698c000 rwxp 00000000 00:00 0 
100698c000-100699c000 ---p 00000000 00:00 0 
100699c000-10069f4000 rwxp 00000000 00:00 0 
1006a2b000-1006c68000 rwxp 00000000 00:00 0 
1006c68000-1006c78000 ---p 00000000 00:00 0 
1006c78000-1006d78000 rwxp 00000000 00:00 0 
1006d78000-1006d88000 ---p 00000000 00:00 0 
1006d88000-1007279000 rwxp 00000000 00:00 0 
1ffeff9000-1fff001000 rw-p 00000000 00:00 0 
ffffa1d43000-ffffa1d45000 r--p 00000000 00:00 0                          [vvar]
ffffdc2c1000-ffffdc2e2000 rw-p 00000000 00:00 0                          [stack]


VM Arguments:
java_command: Hello
java_class_path (initial): .
Launcher Type: SUN_STANDARD

[Global flags]
     intx CICompilerCount                          = 3                                         {product} {ergonomic}
     uint ConcGCThreads                            = 1                                         {product} {ergonomic}
     uint G1ConcRefinementThreads                  = 4                                         {product} {ergonomic}
   size_t G1HeapRegionSize                         = 1048576                                   {product} {ergonomic}
    uintx GCDrainStackTargetSize                   = 64                                        {product} {ergonomic}
   size_t InitialHeapSize                          = 130023424                                 {product} {ergonomic}
   size_t MarkStackSize                            = 4194304                                   {product} {ergonomic}
   size_t MaxHeapSize                              = 2059403264                                {product} {ergonomic}
   size_t MaxNewSize                               = 1235222528                                {product} {ergonomic}
   size_t MinHeapDeltaBytes                        = 1048576                                   {product} {ergonomic}
   size_t MinHeapSize                              = 8388608                                   {product} {ergonomic}
    uintx NonNMethodCodeHeapSize                   = 5832908                                {pd product} {ergonomic}
    uintx NonProfiledCodeHeapSize                  = 122912666                              {pd product} {ergonomic}
    uintx ProfiledCodeHeapSize                     = 122912666                              {pd product} {ergonomic}
    uintx ReservedCodeCacheSize                    = 251658240                              {pd product} {ergonomic}
     bool SegmentedCodeCache                       = true                                      {product} {ergonomic}
   size_t SoftMaxHeapSize                          = 2059403264                             {manageable} {ergonomic}
     bool UseCompressedClassPointers               = true                           {product lp64_product} {ergonomic}
     bool UseCompressedOops                        = true                           {product lp64_product} {ergonomic}
     bool UseG1GC                                  = true                                      {product} {ergonomic}

Logging:
Log output configuration:
 #0: stdout all=warning uptime,level,tags
 #1: stderr all=off uptime,level,tags

Environment Variables:
JAVA_HOME=/usr/local/sdkman/candidates/java/current
PATH=/vscode/vscode-server/bin/linux-arm64/dfd34e8260c270da74b5c2d86d61aee4b6d56977/bin/remote-cli:/usr/local/sdkman/bin:/usr/local/sdkman/candidates/java/current/bin:/usr/local/python/bin:/usr/local/share/nvm/versions/node/v16.14.2/bin:/usr/local/sbin:/usr/local/bin:/usr/sbin:/usr/bin:/sbin:/bin:/usr/local/py-utils/bin:/home/vscode/.local/bin
LD_LIBRARY_PATH=/usr/lib/debug
LD_PRELOAD=/usr/libexec/valgrind/vgpreload_core-arm64-linux.so:/usr/libexec/valgrind/vgpreload_memcheck-arm64-linux.so
SHELL=/bin/bash
LANG=en_US.UTF-8

Signal Handlers:
   SIGSEGV: crash_handler in libjvm.so, mask=11100100010111111101111111111110, flags=SA_RESTART|SA_SIGINFO
    SIGBUS: crash_handler in libjvm.so, mask=11100100010111111101111111111110, flags=SA_RESTART|SA_SIGINFO
    SIGFPE: crash_handler in libjvm.so, mask=11100100010111111101111111111110, flags=SA_RESTART|SA_SIGINFO
   SIGPIPE: javaSignalHandler in libjvm.so, mask=11100100010111111101111111111110, flags=SA_RESTART|SA_SIGINFO
   SIGXFSZ: javaSignalHandler in libjvm.so, mask=11100100010111111101111111111110, flags=SA_RESTART|SA_SIGINFO
    SIGILL: crash_handler in libjvm.so, mask=11100100010111111101111111111110, flags=SA_RESTART|SA_SIGINFO
   SIGUSR2: SR_handler in libjvm.so, mask=00000000000000000000000000000000, flags=SA_RESTART|SA_SIGINFO
    SIGHUP: SIG_DFL, mask=00000000000000000000000000000000, flags=none
    SIGINT: SIG_DFL, mask=00000000000000000000000000000000, flags=none
   SIGTERM: SIG_DFL, mask=00000000000000000000000000000000, flags=none
   SIGQUIT: SIG_DFL, mask=00000000000000000000000000000000, flags=none
   SIGTRAP: crash_handler in libjvm.so, mask=11100100010111111101111111111110, flags=SA_RESTART|SA_SIGINFO


---------------  S Y S T E M  ---------------

OS:
DISTRIB_ID=Ubuntu
DISTRIB_RELEASE=21.04
DISTRIB_CODENAME=hirsute
DISTRIB_DESCRIPTION="Ubuntu 21.04"
uname: Linux 5.10.104-linuxkit #1 SMP PREEMPT Thu Mar 17 17:05:54 UTC 2022 aarch64
OS uptime: 0 days 2:00 hours
libc: glibc 2.33 NPTL 2.33 
rlimit (soft/hard): STACK 8192k/infinity , CORE 0k/infinity , NPROC infinity/infinity , NOFILE 1048564/1048564 , AS infinity/infinity , CPU infinity/infinity , DATA infinity/infinity , FSIZE infinity/infinity , MEMLOCK 64k/64k
load average: 0.78 0.85 0.67

/proc/meminfo:
MemTotal:        8039920 kB
MemFree:          969164 kB
MemAvailable:    5097740 kB
Buffers:           93540 kB
Cached:          4316508 kB
SwapCached:            0 kB
Active:          2041252 kB
Inactive:        4638408 kB
Active(anon):      66412 kB
Inactive(anon):  2529608 kB
Active(file):    1974840 kB
Inactive(file):  2108800 kB
Unevictable:           0 kB
Mlocked:               0 kB
SwapTotal:       1048572 kB
SwapFree:        1048572 kB
Dirty:               180 kB
Writeback:             0 kB
AnonPages:       2268264 kB
Mapped:           437304 kB
Shmem:            326408 kB
KReclaimable:     244584 kB
Slab:             294016 kB
SReclaimable:     244584 kB
SUnreclaim:        49432 kB
KernelStack:       10528 kB
PageTables:        20652 kB
NFS_Unstable:          0 kB
Bounce:                0 kB
WritebackTmp:          0 kB
CommitLimit:     5068532 kB
Committed_AS:    4911620 kB
VmallocTotal:   135290159040 kB
VmallocUsed:       21140 kB
VmallocChunk:          0 kB
Percpu:             1840 kB
AnonHugePages:     12288 kB
ShmemHugePages:        0 kB
ShmemPmdMapped:        0 kB
FileHugePages:         0 kB
FilePmdMapped:         0 kB
HugePages_Total:       0
HugePages_Free:        0
HugePages_Rsvd:        0
HugePages_Surp:        0
Hugepagesize:       2048 kB
Hugetlb:               0 kB

/sys/kernel/mm/transparent_hugepage/enabled: always [madvise] never
/sys/kernel/mm/transparent_hugepage/defrag (defrag/compaction efforts parameter): always defer defer+madvise [madvise] never

Process Memory:
Virtual Size: 3719660K (peak: 3719660K)
Resident Set Size: 110560K (peak: 110560K) (anon: 94220K, file: 16340K, shmem: 0K)
Swapped out: 0K
C-Heap outstanding allocations: 0K

/proc/sys/kernel/threads-max (system-wide limit on the number of threads): 61931
/proc/sys/vm/max_map_count (maximum number of memory map areas a process may have): 262144
/proc/sys/kernel/pid_max (system-wide limit on number of process identifiers): 99999

container (cgroup) information:
container_type: cgroupv2
cpu_cpuset_cpus: not supported
cpu_memory_nodes: not supported
active_processor_count: 4
cpu_quota: no quota
cpu_period: 100000
cpu_shares: no shares
memory_limit_in_bytes: unlimited
memory_and_swap_limit_in_bytes: unlimited
memory_soft_limit_in_bytes: unlimited
memory_usage_in_bytes: 6173323264
memory_max_usage_in_bytes: not supported

Steal ticks since vm start: 0
Steal ticks percentage since vm start:  0.000

CPU: total 4 (initial active 4) 0x00:0x0:0x000:0, fp, simd, aes, pmull, sha1, sha256, crc, lse
/proc/cpuinfo:
processor	: 0
BogoMIPS	: 48.00
Features	: fp asimd evtstrm aes pmull sha1 sha2 crc32 atomics fphp asimdhp cpuid asimdrdm jscvt fcma lrcpc dcpop sha3 asimddp sha512 asimdfhm dit uscat ilrcpc flagm sb paca pacg dcpodp flagm2 frint
CPU implementer	: 0x00
CPU architecture: 8
CPU variant	: 0x0
CPU part	: 0x000
CPU revision	: 0

processor	: 1
BogoMIPS	: 48.00
Features	: fp asimd evtstrm aes pmull sha1 sha2 crc32 atomics fphp asimdhp cpuid asimdrdm jscvt fcma lrcpc dcpop sha3 asimddp sha512 asimdfhm dit uscat ilrcpc flagm sb paca pacg dcpodp flagm2 frint
CPU implementer	: 0x00
CPU architecture: 8
CPU variant	: 0x0
CPU part	: 0x000
CPU revision	: 0

processor	: 2
BogoMIPS	: 48.00
Features	: fp asimd evtstrm aes pmull sha1 sha2 crc32 atomics fphp asimdhp cpuid asimdrdm jscvt fcma lrcpc dcpop sha3 asimddp sha512 asimdfhm dit uscat ilrcpc flagm sb paca pacg dcpodp flagm2 frint
CPU implementer	: 0x00
CPU architecture: 8
CPU variant	: 0x0
CPU part	: 0x000
CPU revision	: 0

processor	: 3
BogoMIPS	: 48.00
Features	: fp asimd evtstrm aes pmull sha1 sha2 crc32 atomics fphp asimdhp cpuid asimdrdm jscvt fcma lrcpc dcpop sha3 asimddp sha512 asimdfhm dit uscat ilrcpc flagm sb paca pacg dcpodp flagm2 frint
CPU implementer	: 0x00
CPU architecture: 8
CPU variant	: 0x0
CPU part	: 0x000
CPU revision	: 0


Online cpus: 0-3
Offline cpus: 

Memory: 4k page, physical 8039920k(968724k free), swap 1048572k(1048572k free)
Page Sizes: 4k

vm_info: OpenJDK 64-Bit Server VM (17.0.2+8-LTS) for linux-aarch64 JRE (17.0.2+8-LTS), built on Jan 20 2022 22:59:35 by "vsts" with gcc 9.2.0

END.
